yarn run v1.22.22
$ storybook build --output-dir /tmp/chromatic--28176-jdw3JKUlrZ7d
@storybook/cli v7.6.6

info => Cleaning outputDir: /tmp/chromatic--28176-jdw3JKUlrZ7d
info => Loading presets
info => Building manager..
info => Manager built (131 ms)
info => Building preview..
info => Copying static files: /home/dna-user/Documents/NorvenC/sample-storybook/node_modules/@storybook/manager/static at /tmp/chromatic--28176-jdw3JKUlrZ7d/sb-common-assets
info => Copying static files: /home/dna-user/Documents/NorvenC/sample-storybook/public at /tmp/chromatic--28176-jdw3JKUlrZ7d/
vite v4.5.1 building for production...
transforming...
✓ 868 modules transformed.
rendering chunks...
computing gzip size...
../../../../../tmp/chromatic--28176-jdw3JKUlrZ7d/iframe.html                                     12.58 kB │ gzip:   3.59 kB
../../../../../tmp/chromatic--28176-jdw3JKUlrZ7d/assets/percolate-dac75269.ttf                   34.04 kB
../../../../../tmp/chromatic--28176-jdw3JKUlrZ7d/assets/percolate-ec979d96.woff                  34.11 kB
../../../../../tmp/chromatic--28176-jdw3JKUlrZ7d/assets/percolate-5ed633c2.eot                   34.21 kB
../../../../../tmp/chromatic--28176-jdw3JKUlrZ7d/assets/percolate-d13fa91b.svg                  140.51 kB │ gzip:  46.93 kB
../../../../../tmp/chromatic--28176-jdw3JKUlrZ7d/assets/preview-4f244d89.css                      6.87 kB │ gzip:   2.05 kB
../../../../../tmp/chromatic--28176-jdw3JKUlrZ7d/assets/_commonjs-dynamic-modules-302442b1.js     0.24 kB │ gzip:   0.19 kB
../../../../../tmp/chromatic--28176-jdw3JKUlrZ7d/assets/WithTooltip-V3YHNWJZ-fe79d5ba.js          0.44 kB │ gzip:   0.27 kB
../../../../../tmp/chromatic--28176-jdw3JKUlrZ7d/assets/syntaxhighlighter-V7JZZA35-786bdf2e.js    0.45 kB │ gzip:   0.29 kB
../../../../../tmp/chromatic--28176-jdw3JKUlrZ7d/assets/preview-c78cb9ed.js                       0.51 kB │ gzip:   0.33 kB
../../../../../tmp/chromatic--28176-jdw3JKUlrZ7d/assets/index-3fd0d1ea.js                         0.58 kB │ gzip:   0.35 kB
../../../../../tmp/chromatic--28176-jdw3JKUlrZ7d/assets/preview-73104b77.js                       0.64 kB │ gzip:   0.45 kB
../../../../../tmp/chromatic--28176-jdw3JKUlrZ7d/assets/_commonjsHelpers-de833af9.js              0.69 kB │ gzip:   0.38 kB
../../../../../tmp/chromatic--28176-jdw3JKUlrZ7d/assets/index-356e4a49.js                         0.77 kB │ gzip:   0.47 kB
../../../../../tmp/chromatic--28176-jdw3JKUlrZ7d/assets/preview-0ef86afd.js                       0.86 kB │ gzip:   0.55 kB
../../../../../tmp/chromatic--28176-jdw3JKUlrZ7d/assets/preview-42a9fb9f.js                       1.04 kB │ gzip:   0.68 kB
../../../../../tmp/chromatic--28176-jdw3JKUlrZ7d/assets/entry-preview-fb6629d6.js                 1.12 kB │ gzip:   0.66 kB
../../../../../tmp/chromatic--28176-jdw3JKUlrZ7d/assets/index-11d98b33.js                         2.59 kB │ gzip:   1.26 kB
../../../../../tmp/chromatic--28176-jdw3JKUlrZ7d/assets/Task.stories-69c97639.js                  3.02 kB │ gzip:   1.38 kB
../../../../../tmp/chromatic--28176-jdw3JKUlrZ7d/assets/preview-30b54f76.js                       3.21 kB │ gzip:   1.37 kB
../../../../../tmp/chromatic--28176-jdw3JKUlrZ7d/assets/iframe-58cfb091.js                        4.55 kB │ gzip:   1.65 kB
../../../../../tmp/chromatic--28176-jdw3JKUlrZ7d/assets/preview-d01b88e8.js                       5.23 kB │ gzip:   2.41 kB
../../../../../tmp/chromatic--28176-jdw3JKUlrZ7d/assets/index-76fb7be0.js                         7.16 kB │ gzip:   2.91 kB
../../../../../tmp/chromatic--28176-jdw3JKUlrZ7d/assets/preview-da31036b.js                       7.62 kB │ gzip:   1.55 kB
../../../../../tmp/chromatic--28176-jdw3JKUlrZ7d/assets/preview-c56bf6ac.js                       8.28 kB │ gzip:   3.17 kB
../../../../../tmp/chromatic--28176-jdw3JKUlrZ7d/assets/index-03bbf7d1.js                        13.51 kB │ gzip:   5.10 kB
../../../../../tmp/chromatic--28176-jdw3JKUlrZ7d/assets/Color-6VNJS4EI-5bac928a.js               17.61 kB │ gzip:   6.80 kB
../../../../../tmp/chromatic--28176-jdw3JKUlrZ7d/assets/TaskList.stories-dcb24c2b.js             32.47 kB │ gzip:  12.09 kB
../../../../../tmp/chromatic--28176-jdw3JKUlrZ7d/assets/preview-bc442910.js                      34.18 kB │ gzip:  13.40 kB
../../../../../tmp/chromatic--28176-jdw3JKUlrZ7d/assets/preview-21802b0a.js                      72.07 kB │ gzip:  24.41 kB
../../../../../tmp/chromatic--28176-jdw3JKUlrZ7d/assets/_getPrototype-1e53b583.js                78.40 kB │ gzip:  23.54 kB
../../../../../tmp/chromatic--28176-jdw3JKUlrZ7d/assets/react-18-236157c6.js                    134.55 kB │ gzip:  43.45 kB
../../../../../tmp/chromatic--28176-jdw3JKUlrZ7d/assets/entry-preview-docs-c7c6facc.js          213.12 kB │ gzip:  66.83 kB
../../../../../tmp/chromatic--28176-jdw3JKUlrZ7d/assets/index-69d26cbb.js                       372.82 kB │ gzip: 114.68 kB
../../../../../tmp/chromatic--28176-jdw3JKUlrZ7d/assets/DocsRenderer-NNNQARDV-09759676.js       537.37 kB │ gzip: 175.75 kB
../../../../../tmp/chromatic--28176-jdw3JKUlrZ7d/assets/InboxScreen.stories-3c5fbaf9.js         562.33 kB │ gzip: 149.27 kB
../../../../../tmp/chromatic--28176-jdw3JKUlrZ7d/assets/axe-3e344d98.js                         575.65 kB │ gzip: 159.30 kB
../../../../../tmp/chromatic--28176-jdw3JKUlrZ7d/assets/formatter-SWP5E3XI-a58bbd33.js          601.64 kB │ gzip: 186.24 kB
✓ built in 11.73s
info => Preview built (12 s)
info => Output directory: /tmp/chromatic--28176-jdw3JKUlrZ7d
Done in 14.22s.
